<?xml version="1.0" encoding="UTF-8"?>
<!-- Generated by org.testng.reporters.JUnitXMLReporter -->
<testsuite ignored="0" hostname="Mahima-Dell" failures="0" tests="3" name="Test" time="64.027" errors="0" timestamp="24 Sep 2022 07:30:50 GMT">
  <testcase classname="testcases.SimplilearnLoginTest" name="Test1" time="4.774"/>
  <testcase classname="testcases.SimplilearnLoginTest" name="Test2" time="25.343"/>
  <testcase classname="testcases.SimplilearnLoginTest" name="Test3" time="24.488"/>
</testsuite> <!-- Test -->
