<?xml version="1.0" encoding="UTF-8"?>
<!-- Generated by org.testng.reporters.JUnitXMLReporter -->
<testsuite ignored="0" hostname="Mahima-Dell" failures="1" tests="4" name="Test" time="36.296" errors="0" timestamp="25 Sep 2022 06:34:16 GMT">
  <testcase classname="testcases.SimplilearnLoginTest" name="Test1_Failed" time="5.174">
    <failure type="java.lang.AssertionError" message="expected [The email or password you have entered is invalid] but found [The email or password you have entered is invalid.]">
      <![CDATA[java.lang.AssertionError: expected [The email or password you have entered is invalid] but found [The email or password you have entered is invalid.]
at testcases.SimplilearnLoginTest.Test1_Failed(SimplilearnLoginTest.java:40)
... Removed 31 stack frames]]>
    </failure>
  </testcase> <!-- Test1_Failed -->
  <testcase classname="testcases.SimplilearnLoginTest" name="Test1_Pass" time="4.674"/>
  <testcase classname="testcases.SimplilearnLoginTest" name="Test2" time="4.148"/>
  <testcase classname="testcases.SimplilearnLoginTest" name="Test3" time="6.783"/>
</testsuite> <!-- Test -->
