<?xml version="1.0" encoding="UTF-8"?>
<!-- Generated by org.testng.reporters.JUnitXMLReporter -->
<testsuite ignored="0" hostname="Mahima-Dell" failures="0" tests="3" name="Test" time="22.39" errors="0" timestamp="18 Sep 2022 07:27:56 GMT">
  <testcase classname="testcases.SimplilearnLoginTest" name="Test1" time="4.769"/>
  <testcase classname="testcases.SimplilearnLoginTest" name="Test2" time="3.904"/>
  <testcase classname="testcases.SimplilearnLoginTest" name="Test3" time="4.05"/>
</testsuite> <!-- Test -->
