<?xml version="1.0" encoding="UTF-8"?>
<testng-results ignored="0" total="3" passed="3" failed="0" skipped="0">
  <reporter-output>
  </reporter-output>
  <suite started-at="2022-09-18T07:27:34Z" name="Suite" finished-at="2022-09-18T07:27:56Z" duration-ms="22390">
    <groups>
    </groups>
    <test started-at="2022-09-18T07:27:34Z" name="Test" finished-at="2022-09-18T07:27:56Z" duration-ms="22390">
      <class name="testcases.SimplilearnLoginTest">
        <test-method is-config="true" signature="DataSetUp()[pri:0, instance:testcases.SimplilearnLoginTest@198d6542]" started-at="2022-09-18T07:27:34Z" name="DataSetUp" finished-at="2022-09-18T07:27:34Z" duration-ms="577" status="PASS">
          <reporter-output>
          </reporter-output>
        </test-method> <!-- DataSetUp -->
        <test-method is-config="true" signature="SetUp(java.lang.reflect.Method)[pri:0, instance:testcases.SimplilearnLoginTest@198d6542]" started-at="2022-09-18T07:27:34Z" name="SetUp" finished-at="2022-09-18T07:27:37Z" duration-ms="2202" status="PASS">
          <params>
            <param index="0">
              <value>
                <![CDATA[public void testcases.SimplilearnLoginTest.Test1()]]>
              </value>
            </param>
          </params>
          <reporter-output>
          </reporter-output>
        </test-method> <!-- SetUp -->
        <test-method signature="Test1()[pri:0, instance:testcases.SimplilearnLoginTest@198d6542]" started-at="2022-09-18T07:27:37Z" name="Test1" finished-at="2022-09-18T07:27:41Z" duration-ms="4769" status="PASS">
          <reporter-output>
          </reporter-output>
        </test-method> <!-- Test1 -->
        <test-method is-config="true" signature="TearDown()[pri:0, instance:testcases.SimplilearnLoginTest@198d6542]" started-at="2022-09-18T07:27:41Z" name="TearDown" finished-at="2022-09-18T07:27:44Z" duration-ms="2435" status="PASS">
          <reporter-output>
          </reporter-output>
        </test-method> <!-- TearDown -->
        <test-method is-config="true" signature="SetUp(java.lang.reflect.Method)[pri:0, instance:testcases.SimplilearnLoginTest@198d6542]" started-at="2022-09-18T07:27:44Z" name="SetUp" finished-at="2022-09-18T07:27:46Z" duration-ms="1901" status="PASS">
          <params>
            <param index="0">
              <value>
                <![CDATA[public void testcases.SimplilearnLoginTest.Test2(java.lang.String,java.lang.String)]]>
              </value>
            </param>
          </params>
          <reporter-output>
          </reporter-output>
        </test-method> <!-- SetUp -->
        <test-method signature="Test2(java.lang.String, java.lang.String)[pri:0, instance:testcases.SimplilearnLoginTest@198d6542]" started-at="2022-09-18T07:27:46Z" name="Test2" finished-at="2022-09-18T07:27:50Z" duration-ms="3904" status="PASS">
          <params>
            <param index="0">
              <value>
                <![CDATA[abc@xyz.com]]>
              </value>
            </param>
            <param index="1">
              <value>
                <![CDATA[Abc@1234]]>
              </value>
            </param>
          </params>
          <reporter-output>
          </reporter-output>
        </test-method> <!-- Test2 -->
        <test-method is-config="true" signature="TearDown()[pri:0, instance:testcases.SimplilearnLoginTest@198d6542]" started-at="2022-09-18T07:27:50Z" name="TearDown" finished-at="2022-09-18T07:27:50Z" duration-ms="113" status="PASS">
          <reporter-output>
          </reporter-output>
        </test-method> <!-- TearDown -->
        <test-method is-config="true" signature="SetUp(java.lang.reflect.Method)[pri:0, instance:testcases.SimplilearnLoginTest@198d6542]" started-at="2022-09-18T07:27:50Z" name="SetUp" finished-at="2022-09-18T07:27:52Z" duration-ms="2065" status="PASS">
          <params>
            <param index="0">
              <value>
                <![CDATA[public void testcases.SimplilearnLoginTest.Test3()]]>
              </value>
            </param>
          </params>
          <reporter-output>
          </reporter-output>
        </test-method> <!-- SetUp -->
        <test-method signature="Test3()[pri:0, instance:testcases.SimplilearnLoginTest@198d6542]" started-at="2022-09-18T07:27:52Z" name="Test3" finished-at="2022-09-18T07:27:56Z" duration-ms="4050" status="PASS">
          <reporter-output>
          </reporter-output>
        </test-method> <!-- Test3 -->
        <test-method is-config="true" signature="TearDown()[pri:0, instance:testcases.SimplilearnLoginTest@198d6542]" started-at="2022-09-18T07:27:56Z" name="TearDown" finished-at="2022-09-18T07:27:56Z" duration-ms="84" status="PASS">
          <reporter-output>
          </reporter-output>
        </test-method> <!-- TearDown -->
        <test-method is-config="true" signature="DataClean()[pri:0, instance:testcases.SimplilearnLoginTest@198d6542]" started-at="2022-09-18T07:27:56Z" name="DataClean" finished-at="2022-09-18T07:27:56Z" duration-ms="272" status="PASS">
          <reporter-output>
          </reporter-output>
        </test-method> <!-- DataClean -->
      </class> <!-- testcases.SimplilearnLoginTest -->
    </test> <!-- Test -->
  </suite> <!-- Suite -->
</testng-results>
